<?xml version="1.0" encoding="UTF-8"?>
<!-- Generated by org.testng.reporters.JUnitXMLReporter -->
<testsuite ignored="0" hostname="DESKTOP-O08QPAT" failures="1" tests="3" name="Surefire test" time="70.739" errors="0" timestamp="2026-04-24T19:26:26 IST">
  <testcase classname="io.cucumber.testng.AbstractTestNGCucumberTests" name="runScenario" time="61.944">
    <failure type="java.lang.AssertionError" message="expected [true] but found [false]">
      <![CDATA[java.lang.AssertionError: expected [true] but found [false]
at stepDefinition.PurchaseOrderStepDef.message_is_displayed_on_confirmation_page(PurchaseOrderStepDef.java:65)
at ✽."THANKYOU FOR THE ORDE" message is displayed on confirmation page(file:///C:/Users/LENOVO/eclipse-workspace/cucumberflex/src/test/java/features/EdgeCase.feature:11)
... Removed 4 stack frames]]>
    </failure>
  </testcase> <!-- runScenario -->
  <testcase classname="io.cucumber.testng.AbstractTestNGCucumberTests" name="runScenario" time="65.41"/>
  <testcase classname="io.cucumber.testng.AbstractTestNGCucumberTests" name="runScenario" time="66.755"/>
</testsuite> <!-- Surefire test -->
