<?xml version="1.0" encoding="UTF-8"?>
<!-- Generated by org.testng.reporters.JUnitXMLReporter -->
<testsuite ignored="0" hostname="DESKTOP-O08QPAT" failures="1" tests="1" name="Default test" time="38.582" errors="0" timestamp="2026-04-24T17:29:32 IST">
  <testcase classname="io.cucumber.testng.AbstractTestNGCucumberTests" name="runScenario" time="32.51">
    <failure type="java.lang.AssertionError" message="expected [true] but found [false]">
      <![CDATA[java.lang.AssertionError: expected [true] but found [false]
at org.testng.Assert.fail(Assert.java:111)
at org.testng.Assert.failNotEquals(Assert.java:1590)
at org.testng.Assert.assertTrue(Assert.java:57)
at org.testng.Assert.assertTrue(Assert.java:67)
at stepDefinition.PurchaseOrderStepDef.message_is_displayed_on_confirmation_page(PurchaseOrderStepDef.java:65)
at ✽."THANKYOU FOR THE ORDE" message is displayed on confirmation page(file:///C:/Users/LENOVO/eclipse-workspace/cucumberflex/src/test/java/features/EdgeCase.feature:11)
]]>
    </failure>
  </testcase> <!-- runScenario -->
</testsuite> <!-- Default test -->
