<?xml version="1.0" encoding="UTF-8"?>
<testsuite xmlns:xsi="http://www.w3.org/2001/XMLSchema-instance" xsi:noNamespaceSchemaLocation="https://maven.apache.org/surefire/maven-surefire-plugin/xsd/surefire-test-report-3.0.xsd" version="3.0" name="TestNGRunner.TestNGRunner" time="71.941" tests="3" errors="0" skipped="0" failures="1">
  <properties>
[...]
</properties>
  <testcase name="runScenario[&quot;Positive test on submitting the order&quot;, &quot;Purchase the order from Ecommerce website&quot;](1)" classname="TestNGRunner.TestNGRunner" time="62.551">
    <failure message="expected [true] but found [false]" type="java.lang.AssertionError"><![CDATA[java.lang.AssertionError: expected [true] but found [false]
	at org.testng.Assert.fail(Assert.java:111)
	at org.testng.Assert.failNotEquals(Assert.java:1578)
	at org.testng.Assert.assertTrue(Assert.java:57)
	at org.testng.Assert.assertTrue(Assert.java:67)
	at stepDefinition.PurchaseOrderStepDef.message_is_displayed_on_confirmation_page(PurchaseOrderStepDef.java:65)
	at ✽."THANKYOU FOR THE ORDE" message is displayed on confirmation page(file:///C:/Users/LENOVO/eclipse-workspace/cucumberflex/src/test/java/features/EdgeCase.feature:11)
]]></failure>
    <system-out><![CDATA[
@PlaceOrder
Scenario Outline: Positive test on submitting the order                           # src/test/java/features/PurchaseOrder.feature:16

@PlaceOrder
Scenario Outline: Positive test on submitting the order                           # src/test/java/features/EdgeCase.feature:16

@SubmitOrder
Scenario Outline: Positive test on submitting the order                                  # src/test/java/features/login.feature:16
  ✔ Given I landed on Ecommerce page                                              # stepDefinition.PurchaseOrderStepDef.i_landed_on_ecommerce_page()
  ✔ Given I landed on Ecommerce page                                              # stepDefinition.PurchaseOrderStepDef.i_landed_on_ecommerce_page()
  ✔ Given I landed on Ecommerce page                                                     # stepDefinition.PurchaseOrderStepDef.i_landed_on_ecommerce_page()
  ✔ Given Logged in with username "kajalpagare@gmail.com" and password "Kajalpagare@123" # stepDefinition.PurchaseOrderStepDef.logged_in_with_username_and_password(java.lang.String,java.lang.String)
  ✔ Given Logged in with username "rosemerry@gmail.com" and password "Rose@12345" # stepDefinition.PurchaseOrderStepDef.logged_in_with_username_and_password(java.lang.String,java.lang.String)
  ✔ Given Logged in with username "rosemerry@gmail.com" and password "Rose@12345" # stepDefinition.PurchaseOrderStepDef.logged_in_with_username_and_password(java.lang.String,java.lang.String)
  ✔ When Add "ZARA COAT 3" to cart                                                # stepDefinition.PurchaseOrderStepDef.add_to_cart(java.lang.String)
  ✔ When Add "ZARA COAT 3" to cart                                                       # stepDefinition.PurchaseOrderStepDef.add_to_cart(java.lang.String)
ZARA COAT 3
  ✔ When Add "ZARA COAT 3" to cart                                                # stepDefinition.PurchaseOrderStepDef.add_to_cart(java.lang.String)
ZARA COAT 3
ZARA COAT 3
  ✔ And Checkout "ZARA COAT 3" and submit the order                               # stepDefinition.PurchaseOrderStepDef.checkout_and_submit_the_order(java.lang.String)
THANKYOU FOR THE ORDER.
  ✔ And Checkout "ZARA COAT 3" and submit the order                                      # stepDefinition.PurchaseOrderStepDef.checkout_and_submit_the_order(java.lang.String)
  ✔ And Checkout "ZARA COAT 3" and submit the order                               # stepDefinition.PurchaseOrderStepDef.checkout_and_submit_the_order(java.lang.String)
THANKYOU FOR THE ORDER.
THANKYOU FOR THE ORDER.
  ✘ Then "THANKYOU FOR THE ORDE" message is displayed on confirmation page        # stepDefinition.PurchaseOrderStepDef.message_is_displayed_on_confirmation_page(java.lang.String)
        java.lang.AssertionError: expected [true] but found [false]
        	at org.testng.Assert.fail(Assert.java:111)
        	at org.testng.Assert.failNotEquals(Assert.java:1578)
        	at org.testng.Assert.assertTrue(Assert.java:57)
        	at org.testng.Assert.assertTrue(Assert.java:67)
        	at stepDefinition.PurchaseOrderStepDef.message_is_displayed_on_confirmation_page(PurchaseOrderStepDef.java:65)
        	at ✽."THANKYOU FOR THE ORDE" message is displayed on confirmation page(file:///C:/Users/LENOVO/eclipse-workspace/cucumberflex/src/test/java/features/EdgeCase.feature:11)
]]></system-out>
    <system-err><![CDATA[SLF4J: Failed to load class "org.slf4j.impl.StaticLoggerBinder".
SLF4J: Defaulting to no-operation (NOP) logger implementation
SLF4J: See http://www.slf4j.org/codes.html#StaticLoggerBinder for further details.
Apr 24, 2026 7:25:36 PM org.openqa.selenium.devtools.CdpVersionFinder findNearestMatch
WARNING: Unable to find CDP implementation matching 147
Apr 24, 2026 7:25:36 PM org.openqa.selenium.chromium.ChromiumDriver lambda$new$4
WARNING: Unable to find version of CDP to use for 147.0.7727.102. You may need to include a dependency on a specific version of the CDP using something similar to `org.seleniumhq.selenium:selenium-devtools-v86:4.38.0` where the version ("v86") matches the version of the chromium-based browser you're using and the version number of the artifact is the same as Selenium's.
Apr 24, 2026 7:25:36 PM org.openqa.selenium.devtools.CdpVersionFinder findNearestMatch
WARNING: Unable to find CDP implementation matching 147
Apr 24, 2026 7:25:36 PM org.openqa.selenium.chromium.ChromiumDriver lambda$new$4
WARNING: Unable to find version of CDP to use for 147.0.7727.102. You may need to include a dependency on a specific version of the CDP using something similar to `org.seleniumhq.selenium:selenium-devtools-v86:4.38.0` where the version ("v86") matches the version of the chromium-based browser you're using and the version number of the artifact is the same as Selenium's.
Apr 24, 2026 7:25:36 PM org.openqa.selenium.devtools.CdpVersionFinder findNearestMatch
WARNING: Unable to find CDP implementation matching 147
Apr 24, 2026 7:25:36 PM org.openqa.selenium.chromium.ChromiumDriver lambda$new$4
WARNING: Unable to find version of CDP to use for 147.0.7727.102. You may need to include a dependency on a specific version of the CDP using something similar to `org.seleniumhq.selenium:selenium-devtools-v86:4.38.0` where the version ("v86") matches the version of the chromium-based browser you're using and the version number of the artifact is the same as Selenium's.
]]></system-err>
  </testcase>
  <testcase name="runScenario[&quot;Positive test on submitting the order&quot;, &quot;Purchase the order from Ecommerce website&quot;](2)" classname="TestNGRunner.TestNGRunner" time="65.397">
    <system-out><![CDATA[  ✔ Then "THANKYOU FOR THE ORDER." message is displayed on confirmation page      # stepDefinition.PurchaseOrderStepDef.message_is_displayed_on_confirmation_page(java.lang.String)
]]></system-out>
  </testcase>
  <testcase name="runScenario[&quot;Positive test on submitting the order&quot;, &quot;Submit the order from Ecommerce website&quot;](3)" classname="TestNGRunner.TestNGRunner" time="66.734">
    <system-out><![CDATA[  ✔ Then "THANKYOU FOR THE ORDER." message is displayed on confirmation page             # stepDefinition.PurchaseOrderStepDef.message_is_displayed_on_confirmation_page(java.lang.String)
]]></system-out>
  </testcase>
</testsuite>