<?xml version="1.0" encoding="UTF-8"?>
<testng-results ignored="0" total="1" passed="1" failed="0" skipped="0">
  <reporter-output>
  </reporter-output>
  <suite started-at="2026-04-23T18:57:08 IST" name="Default suite" finished-at="2026-04-23T18:57:40 IST" duration-ms="31703">
    <groups>
      <group name="cucumber">
        <method signature="AbstractTestNGCucumberTests.runScenario(io.cucumber.testng.PickleWrapper,io.cucumber.testng.FeatureWrapper)[pri:0, instance:TestNGRunner.TestNGRunner@6a2f6f80]" name="runScenario" class="io.cucumber.testng.AbstractTestNGCucumberTests"/>
      </group> <!-- cucumber -->
    </groups>
    <test started-at="2026-04-23T18:57:08 IST" name="Default test" finished-at="2026-04-23T18:57:40 IST" duration-ms="31703">
      <class name="TestNGRunner.TestNGRunner">
        <test-method is-config="true" signature="setUpClass(org.testng.ITestContext)[pri:0, instance:TestNGRunner.TestNGRunner@6a2f6f80]" started-at="2026-04-23T18:57:08 IST" name="setUpClass" finished-at="2026-04-23T18:57:10 IST" duration-ms="2017" status="PASS">
          <params>
            <param index="0">
              <value>
                <![CDATA[org.testng.TestRunner@4ba02375]]>
              </value>
            </param>
          </params>
          <reporter-output>
          </reporter-output>
        </test-method> <!-- setUpClass -->
        <test-method signature="runScenario(io.cucumber.testng.PickleWrapper,io.cucumber.testng.FeatureWrapper)[pri:0, instance:TestNGRunner.TestNGRunner@6a2f6f80]" started-at="2026-04-23T18:57:10 IST" name="runScenario" description="Runs Cucumber Scenarios" data-provider="scenarios" finished-at="2026-04-23T18:57:39 IST" duration-ms="29461" status="PASS">
          <params>
            <param index="0">
              <value>
                <![CDATA["Positive test on submitting the order"]]>
              </value>
            </param>
            <param index="1">
              <value>
                <![CDATA["Purchase the order from Ecommerce website"]]>
              </value>
            </param>
          </params>
          <reporter-output>
          </reporter-output>
        </test-method> <!-- runScenario -->
        <test-method is-config="true" signature="tearDownClass()[pri:0, instance:TestNGRunner.TestNGRunner@6a2f6f80]" started-at="2026-04-23T18:57:40 IST" name="tearDownClass" finished-at="2026-04-23T18:57:40 IST" duration-ms="80" status="PASS">
          <reporter-output>
          </reporter-output>
        </test-method> <!-- tearDownClass -->
      </class> <!-- TestNGRunner.TestNGRunner -->
    </test> <!-- Default test -->
  </suite> <!-- Default suite -->
</testng-results>
