<?xml version="1.0" encoding="UTF-8"?>
<!-- Generated by org.testng.reporters.JUnitReportReporter -->
<testsuite hostname="DESKTOP-O08QPAT" failures="1" tests="3" name="TestNGRunner.TestNGRunner" time="194.109" errors="0" timestamp="2026-04-24T19:26:26 IST" skipped="0">
  <testcase classname="TestNGRunner.TestNGRunner" name="runScenario" time="66.755"/>
  <testcase classname="TestNGRunner.TestNGRunner" name="runScenario" time="61.944">
    <failure message="expected [true] but found [false]" type="java.lang.AssertionError">
      <![CDATA[java.lang.AssertionError: expected [true] but found [false]
at org.testng.Assert.fail(Assert.java:111)
at org.testng.Assert.failNotEquals(Assert.java:1578)
at org.testng.Assert.assertTrue(Assert.java:57)
at org.testng.Assert.assertTrue(Assert.java:67)
at stepDefinition.PurchaseOrderStepDef.message_is_displayed_on_confirmation_page(PurchaseOrderStepDef.java:65)
at ✽."THANKYOU FOR THE ORDE" message is displayed on confirmation page(file:///C:/Users/LENOVO/eclipse-workspace/cucumberflex/src/test/java/features/EdgeCase.feature:11)
]]>
    </failure>
  </testcase> <!-- runScenario -->
  <testcase classname="TestNGRunner.TestNGRunner" name="runScenario" time="65.410"/>
</testsuite> <!-- TestNGRunner.TestNGRunner -->
